<?xml version="1.0" encoding="UTF-8"?>
<robot generator="Robot 6.1.1 (Python 3.11.5 on win32)" generated="20231109 20:46:56.736" rpa="false" schemaversion="4">
<suite id="s1" name="03-If Else" source="D:\Robot\Robot Framework\RobotFramework\03-If_Else.robot">
<test id="s1-t1" name="Test 01" line="13">
<if>
<branch type="IF" condition="${sayi2} &gt; ${sayi1}">
<kw name="Log To Console" library="BuiltIn">
<arg>sayi2 sayi1 den büyük</arg>
<doc>Logs the given message to the console.</doc>
<status status="PASS" starttime="20231109 20:46:56.755" endtime="20231109 20:46:56.757"/>
</kw>
<status status="PASS" starttime="20231109 20:46:56.755" endtime="20231109 20:46:56.757"/>
</branch>
<branch type="ELSE">
<kw name="Log To Console" library="BuiltIn">
<arg>sayi1 sayi2 den büyük</arg>
<doc>Logs the given message to the console.</doc>
<status status="NOT RUN" starttime="20231109 20:46:56.757" endtime="20231109 20:46:56.757"/>
</kw>
<status status="NOT RUN" starttime="20231109 20:46:56.757" endtime="20231109 20:46:56.757"/>
</branch>
<status status="PASS" starttime="20231109 20:46:56.755" endtime="20231109 20:46:56.757"/>
</if>
<status status="PASS" starttime="20231109 20:46:56.754" endtime="20231109 20:46:56.758"/>
</test>
<status status="PASS" starttime="20231109 20:46:56.736" endtime="20231109 20:46:56.760"/>
</suite>
<statistics>
<total>
<stat pass="1" fail="0" skip="0">All Tests</stat>
</total>
<tag>
</tag>
<suite>
<stat pass="1" fail="0" skip="0" id="s1" name="03-If Else">03-If Else</stat>
</suite>
</statistics>
<errors>
</errors>
</robot>
