<?xml version="1.0" encoding="UTF-8"?>
<robot generator="Robot 6.1.1 (Python 3.11.5 on win32)" generated="20231116 20:45:26.167" rpa="false" schemaversion="4">
<suite id="s1" name="10-CustomLibKullanma" source="D:\Robot\Robot Framework\RobotFramework\10-CustomLibKullanma.robot">
<test id="s1-t1" name="Test 01" line="10">
<kw name="Sayilari Topla" library="10-CustomLib">
<var>${sailarinToplami}</var>
<arg>40</arg>
<arg>50</arg>
<msg timestamp="20231116 20:45:26.202" level="INFO">${sailarinToplami} = 90</msg>
<status status="PASS" starttime="20231116 20:45:26.202" endtime="20231116 20:45:26.202"/>
</kw>
<kw name="Log To Console" library="BuiltIn">
<arg>${sailarinToplami}</arg>
<doc>Logs the given message to the console.</doc>
<status status="PASS" starttime="20231116 20:45:26.203" endtime="20231116 20:45:26.204"/>
</kw>
<kw name="Mustafa'nin keywordu" library="10-CustomLib">
<arg>15</arg>
<arg>25</arg>
<status status="PASS" starttime="20231116 20:45:26.205" endtime="20231116 20:45:26.205"/>
</kw>
<status status="PASS" starttime="20231116 20:45:26.201" endtime="20231116 20:45:26.206"/>
</test>
<status status="PASS" starttime="20231116 20:45:26.169" endtime="20231116 20:45:26.208"/>
</suite>
<statistics>
<total>
<stat pass="1" fail="0" skip="0">All Tests</stat>
</total>
<tag>
</tag>
<suite>
<stat pass="1" fail="0" skip="0" id="s1" name="10-CustomLibKullanma">10-CustomLibKullanma</stat>
</suite>
</statistics>
<errors>
</errors>
</robot>
